2022-04-05 15:45:30 [main] INFO  com.discovery.DiscoveryApplication - No active profile set, falling back to default profiles: default
2022-04-05 15:45:30 [main] INFO  o.s.b.w.s.c.AnnotationConfigServletWebServerApplicationContext - Refreshing org.springframework.boot.web.servlet.context.AnnotationConfigServletWebServerApplicationContext@78e67e0a: startup date [Tue Apr 05 15:45:30 UTC 2022]; parent: org.springframework.context.annotation.AnnotationConfigApplicationContext@326de728
2022-04-05 15:45:32 [main] INFO  o.s.cloud.context.scope.GenericScope - BeanFactory id=320266be-0139-3d31-87d4-7f9b3f6c8687
2022-04-05 15:45:33 [main] INFO  o.s.b.f.a.AutowiredAnnotationBeanPostProcessor - JSR-330 'javax.inject.Inject' annotation found and supported for autowiring
2022-04-05 15:45:33 [main] INFO  o.s.c.s.PostProcessorRegistrationDelegate$BeanPostProcessorChecker - Bean 'org.springframework.cloud.autoconfigure.ConfigurationPropertiesRebinderAutoConfiguration' of type [org.springframework.cloud.autoconfigure.ConfigurationPropertiesRebinderAutoConfiguration$$EnhancerBySpringCGLIB$$972e355d] is not eligible for getting processed by all BeanPostProcessors (for example: not eligible for auto-proxying)
2022-04-05 15:45:34 [main] INFO  o.s.b.w.e.tomcat.TomcatWebServer - Tomcat initialized with port(s): 8761 (http)
2022-04-05 15:45:34 [main] INFO  o.a.catalina.core.StandardService - Starting service [Tomcat]
2022-04-05 15:45:34 [main] INFO  o.a.catalina.core.StandardEngine - Starting Servlet Engine: Apache Tomcat/8.5.28
2022-04-05 15:45:34 [localhost-startStop-1] INFO  o.a.c.core.AprLifecycleListener - The APR based Apache Tomcat Native library which allows optimal performance in production environments was not found on the java.library.path: [/usr/java/packages/lib/amd64:/usr/lib64:/lib64:/lib:/usr/lib]
2022-04-05 15:45:34 [localhost-startStop-1] INFO  o.a.c.c.C.[Tomcat].[localhost].[/] - Initializing Spring embedded WebApplicationContext
2022-04-05 15:45:34 [localhost-startStop-1] INFO  o.s.web.context.ContextLoader - Root WebApplicationContext: initialization completed in 4383 ms
2022-04-05 15:45:35 [localhost-startStop-1] WARN  c.n.c.sources.URLConfigurationSource - No URLs will be polled as dynamic configuration sources.
2022-04-05 15:45:35 [localhost-startStop-1] INFO  c.n.c.sources.URLConfigurationSource - To enable URLs as dynamic configuration sources, define System property archaius.configurationSource.additionalUrls or make config.properties available on classpath.
2022-04-05 15:45:35 [localhost-startStop-1] INFO  c.n.config.DynamicPropertyFactory - DynamicPropertyFactory is initialized with configuration sources: com.netflix.config.ConcurrentCompositeConfiguration@34802415
2022-04-05 15:45:38 [localhost-startStop-1] INFO  o.s.b.w.s.FilterRegistrationBean - Mapping filter: 'characterEncodingFilter' to: [/*]
2022-04-05 15:45:38 [localhost-startStop-1] INFO  o.s.b.w.s.FilterRegistrationBean - Mapping filter: 'hiddenHttpMethodFilter' to: [/*]
2022-04-05 15:45:38 [localhost-startStop-1] INFO  o.s.b.w.s.FilterRegistrationBean - Mapping filter: 'httpPutFormContentFilter' to: [/*]
2022-04-05 15:45:38 [localhost-startStop-1] INFO  o.s.b.w.s.FilterRegistrationBean - Mapping filter: 'requestContextFilter' to: [/*]
2022-04-05 15:45:38 [localhost-startStop-1] INFO  o.s.b.w.s.FilterRegistrationBean - Mapping filter: 'httpTraceFilter' to: [/*]
2022-04-05 15:45:38 [localhost-startStop-1] INFO  o.s.b.w.s.FilterRegistrationBean - Mapping filter: 'webMvcMetricsFilter' to: [/*]
2022-04-05 15:45:38 [localhost-startStop-1] INFO  o.s.b.w.s.FilterRegistrationBean - Mapping filter: 'servletContainer' to urls: [/eureka/*]
2022-04-05 15:45:38 [localhost-startStop-1] INFO  o.s.b.w.s.ServletRegistrationBean - Servlet dispatcherServlet mapped to [/]
2022-04-05 15:45:39 [localhost-startStop-1] INFO  c.s.j.s.i.a.WebApplicationImpl - Initiating Jersey application, version 'Jersey: 1.19.1 03/11/2016 02:08 PM'
2022-04-05 15:45:39 [localhost-startStop-1] INFO  c.n.d.p.DiscoveryJerseyProvider - Using JSON encoding codec LegacyJacksonJson
2022-04-05 15:45:39 [localhost-startStop-1] INFO  c.n.d.p.DiscoveryJerseyProvider - Using JSON decoding codec LegacyJacksonJson
2022-04-05 15:45:40 [localhost-startStop-1] INFO  c.n.d.p.DiscoveryJerseyProvider - Using XML encoding codec XStreamXml
2022-04-05 15:45:40 [localhost-startStop-1] INFO  c.n.d.p.DiscoveryJerseyProvider - Using XML decoding codec XStreamXml
2022-04-05 15:45:42 [main] WARN  o.s.c.n.a.ArchaiusAutoConfiguration - No spring.application.name found, defaulting to 'application'
2022-04-05 15:45:42 [main] WARN  c.n.c.sources.URLConfigurationSource - No URLs will be polled as dynamic configuration sources.
2022-04-05 15:45:42 [main] INFO  c.n.c.sources.URLConfigurationSource - To enable URLs as dynamic configuration sources, define System property archaius.configurationSource.additionalUrls or make config.properties available on classpath.
2022-04-05 15:45:43 [main] INFO  o.s.w.s.m.m.a.RequestMappingHandlerAdapter - Looking for @ControllerAdvice: org.springframework.boot.web.servlet.context.AnnotationConfigServletWebServerApplicationContext@78e67e0a: startup date [Tue Apr 05 15:45:30 UTC 2022]; parent: org.springframework.context.annotation.AnnotationConfigApplicationContext@326de728
2022-04-05 15:45:44 [main] INFO  o.s.w.s.m.m.a.RequestMappingHandlerMapping - Mapped "{[/error],produces=[text/html]}" onto public org.springframework.web.servlet.ModelAndView org.springframework.boot.autoconfigure.web.servlet.error.BasicErrorController.errorHtml(javax.servlet.http.HttpServletRequest,javax.servlet.http.HttpServletResponse)
2022-04-05 15:45:44 [main] INFO  o.s.w.s.m.m.a.RequestMappingHandlerMapping - Mapped "{[/error]}" onto public org.springframework.http.ResponseEntity<java.util.Map<java.lang.String, java.lang.Object>> org.springframework.boot.autoconfigure.web.servlet.error.BasicErrorController.error(javax.servlet.http.HttpServletRequest)
2022-04-05 15:45:44 [main] INFO  o.s.w.s.m.m.a.RequestMappingHandlerMapping - Mapped "{[/lastn],methods=[GET]}" onto public java.lang.String org.springframework.cloud.netflix.eureka.server.EurekaController.lastn(javax.servlet.http.HttpServletRequest,java.util.Map<java.lang.String, java.lang.Object>)
2022-04-05 15:45:44 [main] INFO  o.s.w.s.m.m.a.RequestMappingHandlerMapping - Mapped "{[/],methods=[GET]}" onto public java.lang.String org.springframework.cloud.netflix.eureka.server.EurekaController.status(javax.servlet.http.HttpServletRequest,java.util.Map<java.lang.String, java.lang.Object>)
2022-04-05 15:45:44 [main] INFO  o.s.w.s.h.SimpleUrlHandlerMapping - Mapped URL path [/webjars/**] onto handler of type [class org.springframework.web.servlet.resource.ResourceHttpRequestHandler]
2022-04-05 15:45:44 [main] INFO  o.s.w.s.h.SimpleUrlHandlerMapping - Mapped URL path [/**] onto handler of type [class org.springframework.web.servlet.resource.ResourceHttpRequestHandler]
2022-04-05 15:45:44 [main] INFO  o.s.w.s.h.SimpleUrlHandlerMapping - Mapped URL path [/**/favicon.ico] onto handler of type [class org.springframework.web.servlet.resource.ResourceHttpRequestHandler]
2022-04-05 15:45:47 [main] INFO  o.s.u.f.SpringTemplateLoader - SpringTemplateLoader for FreeMarker: using resource loader [org.springframework.boot.web.servlet.context.AnnotationConfigServletWebServerApplicationContext@78e67e0a: startup date [Tue Apr 05 15:45:30 UTC 2022]; parent: org.springframework.context.annotation.AnnotationConfigApplicationContext@326de728] and template loader path [classpath:/templates/]
2022-04-05 15:45:47 [main] INFO  o.s.w.s.v.f.FreeMarkerConfigurer - ClassTemplateLoader for Spring macros added to FreeMarker configuration
2022-04-05 15:45:48 [main] INFO  o.s.c.n.eureka.InstanceInfoFactory - Setting initial instance status as: STARTING
2022-04-05 15:45:48 [main] INFO  c.netflix.discovery.DiscoveryClient - Initializing Eureka in region us-east-1
2022-04-05 15:45:48 [main] INFO  c.netflix.discovery.DiscoveryClient - Client configured to neither register nor query for data.
2022-04-05 15:45:48 [main] INFO  c.netflix.discovery.DiscoveryClient - Discovery Client initialized at timestamp 1649173548902 with initial instances count: 0
2022-04-05 15:45:49 [main] INFO  c.n.e.DefaultEurekaServerContext - Initializing ...
2022-04-05 15:45:49 [main] INFO  c.n.eureka.cluster.PeerEurekaNodes - Adding new peer nodes [http://localhost:8761/eureka/]
2022-04-05 15:45:50 [main] INFO  c.n.d.p.DiscoveryJerseyProvider - Using JSON encoding codec LegacyJacksonJson
2022-04-05 15:45:50 [main] INFO  c.n.d.p.DiscoveryJerseyProvider - Using JSON decoding codec LegacyJacksonJson
2022-04-05 15:45:50 [main] INFO  c.n.d.p.DiscoveryJerseyProvider - Using XML encoding codec XStreamXml
2022-04-05 15:45:50 [main] INFO  c.n.d.p.DiscoveryJerseyProvider - Using XML decoding codec XStreamXml
2022-04-05 15:45:51 [main] INFO  c.n.eureka.cluster.PeerEurekaNodes - Replica node URL:  http://localhost:8761/eureka/
2022-04-05 15:45:51 [main] INFO  c.n.e.r.AbstractInstanceRegistry - Finished initializing remote region registries. All known remote regions: []
2022-04-05 15:45:51 [main] INFO  c.n.e.DefaultEurekaServerContext - Initialized
2022-04-05 15:45:51 [main] INFO  o.s.b.a.e.w.s.WebMvcEndpointHandlerMapping - Mapped "{[/actuator/health],methods=[GET],produces=[application/vnd.spring-boot.actuator.v2+json || application/json]}" onto public java.lang.Object org.springframework.boot.actuate.endpoint.web.servlet.AbstractWebMvcEndpointHandlerMapping$OperationHandler.handle(javax.servlet.http.HttpServletRequest,java.util.Map<java.lang.String, java.lang.String>)
2022-04-05 15:45:51 [main] INFO  o.s.b.a.e.w.s.WebMvcEndpointHandlerMapping - Mapped "{[/actuator/info],methods=[GET],produces=[application/vnd.spring-boot.actuator.v2+json || application/json]}" onto public java.lang.Object org.springframework.boot.actuate.endpoint.web.servlet.AbstractWebMvcEndpointHandlerMapping$OperationHandler.handle(javax.servlet.http.HttpServletRequest,java.util.Map<java.lang.String, java.lang.String>)
2022-04-05 15:45:51 [main] INFO  o.s.b.a.e.w.s.WebMvcEndpointHandlerMapping - Mapped "{[/actuator],methods=[GET],produces=[application/vnd.spring-boot.actuator.v2+json || application/json]}" onto protected java.util.Map<java.lang.String, java.util.Map<java.lang.String, org.springframework.boot.actuate.endpoint.web.Link>> org.springframework.boot.actuate.endpoint.web.servlet.WebMvcEndpointHandlerMapping.links(javax.servlet.http.HttpServletRequest,javax.servlet.http.HttpServletResponse)
2022-04-05 15:45:52 [main] INFO  o.s.j.e.a.AnnotationMBeanExporter - Registering beans for JMX exposure on startup
2022-04-05 15:45:52 [main] INFO  o.s.j.e.a.AnnotationMBeanExporter - Bean with name 'environmentManager' has been autodetected for JMX exposure
2022-04-05 15:45:52 [main] INFO  o.s.j.e.a.AnnotationMBeanExporter - Bean with name 'refreshScope' has been autodetected for JMX exposure
2022-04-05 15:45:52 [main] INFO  o.s.j.e.a.AnnotationMBeanExporter - Bean with name 'configurationPropertiesRebinder' has been autodetected for JMX exposure
2022-04-05 15:45:52 [main] INFO  o.s.j.e.a.AnnotationMBeanExporter - Located managed bean 'environmentManager': registering with JMX server as MBean [org.springframework.cloud.context.environment:name=environmentManager,type=EnvironmentManager]
2022-04-05 15:45:52 [main] INFO  o.s.j.e.a.AnnotationMBeanExporter - Located managed bean 'refreshScope': registering with JMX server as MBean [org.springframework.cloud.context.scope.refresh:name=refreshScope,type=RefreshScope]
2022-04-05 15:45:52 [main] INFO  o.s.j.e.a.AnnotationMBeanExporter - Located managed bean 'configurationPropertiesRebinder': registering with JMX server as MBean [org.springframework.cloud.context.properties:name=configurationPropertiesRebinder,context=78e67e0a,type=ConfigurationPropertiesRebinder]
2022-04-05 15:45:53 [main] INFO  o.s.c.s.DefaultLifecycleProcessor - Starting beans in phase 0
2022-04-05 15:45:53 [main] INFO  o.s.c.n.e.s.EurekaServiceRegistry - Registering application unknown with eureka with status UP
2022-04-05 15:45:53 [Thread-13] INFO  o.s.c.n.e.s.EurekaServerBootstrap - Setting the eureka configuration..
2022-04-05 15:45:53 [Thread-13] INFO  o.s.c.n.e.s.EurekaServerBootstrap - Eureka data center value eureka.datacenter is not set, defaulting to default
2022-04-05 15:45:53 [Thread-13] INFO  o.s.c.n.e.s.EurekaServerBootstrap - Eureka environment value eureka.environment is not set, defaulting to test
2022-04-05 15:45:53 [Thread-13] INFO  o.s.c.n.e.s.EurekaServerBootstrap - isAws returned false
2022-04-05 15:45:53 [Thread-13] INFO  o.s.c.n.e.s.EurekaServerBootstrap - Initialized server context
2022-04-05 15:45:53 [Thread-13] INFO  c.n.e.r.PeerAwareInstanceRegistryImpl - Got 1 instances from neighboring DS node
2022-04-05 15:45:53 [Thread-13] INFO  c.n.e.r.PeerAwareInstanceRegistryImpl - Renew threshold is: 1
2022-04-05 15:45:53 [Thread-13] INFO  c.n.e.r.PeerAwareInstanceRegistryImpl - Changing status to UP
2022-04-05 15:45:53 [Thread-13] INFO  o.s.c.n.e.s.EurekaServerInitializerConfiguration - Started Eureka Server
2022-04-05 15:45:53 [main] INFO  o.s.b.w.e.tomcat.TomcatWebServer - Tomcat started on port(s): 8761 (http) with context path ''
2022-04-05 15:45:53 [main] INFO  o.s.c.n.e.s.EurekaAutoServiceRegistration - Updating port to 8761
2022-04-05 15:45:53 [main] INFO  com.discovery.DiscoveryApplication - Started DiscoveryApplication in 26.185 seconds (JVM running for 27.759)
2022-04-05 15:46:00 [http-nio-8761-exec-1] INFO  o.a.c.c.C.[Tomcat].[localhost].[/] - Initializing Spring FrameworkServlet 'dispatcherServlet'
2022-04-05 15:46:00 [http-nio-8761-exec-1] INFO  o.s.web.servlet.DispatcherServlet - FrameworkServlet 'dispatcherServlet': initialization started
2022-04-05 15:46:00 [http-nio-8761-exec-1] INFO  o.s.web.servlet.DispatcherServlet - FrameworkServlet 'dispatcherServlet': initialization completed in 70 ms
2022-04-05 15:46:53 [Eureka-EvictionTimer] INFO  c.n.e.r.AbstractInstanceRegistry - Running the evict task with compensationTime 0ms
2022-04-05 15:47:53 [Eureka-EvictionTimer] INFO  c.n.e.r.AbstractInstanceRegistry - Running the evict task with compensationTime 0ms
2022-04-05 15:48:53 [Eureka-EvictionTimer] INFO  c.n.e.r.AbstractInstanceRegistry - Running the evict task with compensationTime 1ms
2022-04-05 15:49:53 [Eureka-EvictionTimer] INFO  c.n.e.r.AbstractInstanceRegistry - Running the evict task with compensationTime 0ms
2022-04-05 15:50:53 [Eureka-EvictionTimer] INFO  c.n.e.r.AbstractInstanceRegistry - Running the evict task with compensationTime 1ms
2022-04-05 15:51:53 [Eureka-EvictionTimer] INFO  c.n.e.r.AbstractInstanceRegistry - Running the evict task with compensationTime 0ms
2022-04-05 15:52:53 [Eureka-EvictionTimer] INFO  c.n.e.r.AbstractInstanceRegistry - Running the evict task with compensationTime 0ms
2022-04-05 15:53:53 [Eureka-EvictionTimer] INFO  c.n.e.r.AbstractInstanceRegistry - Running the evict task with compensationTime 0ms
2022-04-05 15:54:53 [Eureka-EvictionTimer] INFO  c.n.e.r.AbstractInstanceRegistry - Running the evict task with compensationTime 0ms
2022-04-05 15:55:53 [Eureka-EvictionTimer] INFO  c.n.e.r.AbstractInstanceRegistry - Running the evict task with compensationTime 0ms
2022-04-05 15:56:53 [Eureka-EvictionTimer] INFO  c.n.e.r.AbstractInstanceRegistry - Running the evict task with compensationTime 0ms
2022-04-05 15:57:53 [Eureka-EvictionTimer] INFO  c.n.e.r.AbstractInstanceRegistry - Running the evict task with compensationTime 3ms
2022-04-05 15:58:53 [Eureka-EvictionTimer] INFO  c.n.e.r.AbstractInstanceRegistry - Running the evict task with compensationTime 0ms
2022-04-05 15:59:53 [Eureka-EvictionTimer] INFO  c.n.e.r.AbstractInstanceRegistry - Running the evict task with compensationTime 0ms
2022-04-05 16:00:51 [ReplicaAwareInstanceRegistry - RenewalThresholdUpdater] INFO  c.n.e.r.PeerAwareInstanceRegistryImpl - Current renewal threshold is : 0
2022-04-05 16:00:53 [Eureka-EvictionTimer] INFO  c.n.e.r.AbstractInstanceRegistry - Running the evict task with compensationTime 1ms
2022-04-05 16:01:53 [Eureka-EvictionTimer] INFO  c.n.e.r.AbstractInstanceRegistry - Running the evict task with compensationTime 0ms
2022-04-05 16:02:53 [Eureka-EvictionTimer] INFO  c.n.e.r.AbstractInstanceRegistry - Running the evict task with compensationTime 1ms
2022-04-05 16:03:53 [Eureka-EvictionTimer] INFO  c.n.e.r.AbstractInstanceRegistry - Running the evict task with compensationTime 1ms
2022-04-05 16:04:53 [Eureka-EvictionTimer] INFO  c.n.e.r.AbstractInstanceRegistry - Running the evict task with compensationTime 0ms
2022-04-05 16:05:53 [Eureka-EvictionTimer] INFO  c.n.e.r.AbstractInstanceRegistry - Running the evict task with compensationTime 0ms
2022-04-05 16:06:53 [Eureka-EvictionTimer] INFO  c.n.e.r.AbstractInstanceRegistry - Running the evict task with compensationTime 0ms
2022-04-05 16:07:53 [Eureka-EvictionTimer] INFO  c.n.e.r.AbstractInstanceRegistry - Running the evict task with compensationTime 0ms
2022-04-05 16:08:53 [Eureka-EvictionTimer] INFO  c.n.e.r.AbstractInstanceRegistry - Running the evict task with compensationTime 0ms
2022-04-05 16:09:53 [Eureka-EvictionTimer] INFO  c.n.e.r.AbstractInstanceRegistry - Running the evict task with compensationTime 0ms
2022-04-05 16:10:53 [Eureka-EvictionTimer] INFO  c.n.e.r.AbstractInstanceRegistry - Running the evict task with compensationTime 0ms
