2022-04-05 15:45:39 [main] INFO  com.config.ConfigApplication - The following profiles are active: native
2022-04-05 15:45:39 [main] INFO  o.s.b.w.s.c.AnnotationConfigServletWebServerApplicationContext - Refreshing org.springframework.boot.web.servlet.context.AnnotationConfigServletWebServerApplicationContext@13c27452: startup date [Tue Apr 05 15:45:39 UTC 2022]; parent: org.springframework.context.annotation.AnnotationConfigApplicationContext@7dc36524
2022-04-05 15:45:44 [main] INFO  o.s.cloud.context.scope.GenericScope - BeanFactory id=08d96db4-edae-35b0-ab07-83253ceb5b0d
2022-04-05 15:45:44 [main] INFO  o.s.c.s.PostProcessorRegistrationDelegate$BeanPostProcessorChecker - Bean 'org.springframework.cloud.autoconfigure.ConfigurationPropertiesRebinderAutoConfiguration' of type [org.springframework.cloud.autoconfigure.ConfigurationPropertiesRebinderAutoConfiguration$$EnhancerBySpringCGLIB$$a8a4d3aa] is not eligible for getting processed by all BeanPostProcessors (for example: not eligible for auto-proxying)
2022-04-05 15:45:46 [main] INFO  o.s.b.w.e.tomcat.TomcatWebServer - Tomcat initialized with port(s): 8888 (http)
2022-04-05 15:45:46 [main] INFO  o.a.catalina.core.StandardService - Starting service [Tomcat]
2022-04-05 15:45:46 [main] INFO  o.a.catalina.core.StandardEngine - Starting Servlet Engine: Apache Tomcat/8.5.28
2022-04-05 15:45:46 [localhost-startStop-1] INFO  o.a.c.core.AprLifecycleListener - The APR based Apache Tomcat Native library which allows optimal performance in production environments was not found on the java.library.path: [/usr/java/packages/lib/amd64:/usr/lib64:/lib64:/lib:/usr/lib]
2022-04-05 15:45:47 [localhost-startStop-1] INFO  o.a.c.c.C.[Tomcat].[localhost].[/] - Initializing Spring embedded WebApplicationContext
2022-04-05 15:45:47 [localhost-startStop-1] INFO  o.s.web.context.ContextLoader - Root WebApplicationContext: initialization completed in 7444 ms
2022-04-05 15:45:52 [localhost-startStop-1] INFO  o.s.b.w.s.ServletRegistrationBean - Servlet dispatcherServlet mapped to [/]
2022-04-05 15:45:52 [localhost-startStop-1] INFO  o.s.b.w.s.FilterRegistrationBean - Mapping filter: 'characterEncodingFilter' to: [/*]
2022-04-05 15:45:52 [localhost-startStop-1] INFO  o.s.b.w.s.FilterRegistrationBean - Mapping filter: 'hiddenHttpMethodFilter' to: [/*]
2022-04-05 15:45:52 [localhost-startStop-1] INFO  o.s.b.w.s.FilterRegistrationBean - Mapping filter: 'httpPutFormContentFilter' to: [/*]
2022-04-05 15:45:52 [localhost-startStop-1] INFO  o.s.b.w.s.FilterRegistrationBean - Mapping filter: 'requestContextFilter' to: [/*]
2022-04-05 15:45:52 [localhost-startStop-1] INFO  o.s.b.w.s.FilterRegistrationBean - Mapping filter: 'httpTraceFilter' to: [/*]
2022-04-05 15:45:52 [localhost-startStop-1] INFO  o.s.b.w.s.FilterRegistrationBean - Mapping filter: 'webMvcMetricsFilter' to: [/*]
2022-04-05 15:45:53 [main] INFO  o.s.w.s.m.m.a.RequestMappingHandlerAdapter - Looking for @ControllerAdvice: org.springframework.boot.web.servlet.context.AnnotationConfigServletWebServerApplicationContext@13c27452: startup date [Tue Apr 05 15:45:39 UTC 2022]; parent: org.springframework.context.annotation.AnnotationConfigApplicationContext@7dc36524
2022-04-05 15:45:54 [main] INFO  o.s.w.s.m.m.a.RequestMappingHandlerMapping - Mapped "{[/error],produces=[text/html]}" onto public org.springframework.web.servlet.ModelAndView org.springframework.boot.autoconfigure.web.servlet.error.BasicErrorController.errorHtml(javax.servlet.http.HttpServletRequest,javax.servlet.http.HttpServletResponse)
2022-04-05 15:45:54 [main] INFO  o.s.w.s.m.m.a.RequestMappingHandlerMapping - Mapped "{[/error]}" onto public org.springframework.http.ResponseEntity<java.util.Map<java.lang.String, java.lang.Object>> org.springframework.boot.autoconfigure.web.servlet.error.BasicErrorController.error(javax.servlet.http.HttpServletRequest)
2022-04-05 15:45:54 [main] INFO  o.s.w.s.m.m.a.RequestMappingHandlerMapping - Mapped "{[/decrypt/{name}/{profiles}],methods=[POST]}" onto public java.lang.String org.springframework.cloud.config.server.encryption.EncryptionController.decrypt(java.lang.String,java.lang.String,java.lang.String,org.springframework.http.MediaType)
2022-04-05 15:45:54 [main] INFO  o.s.w.s.m.m.a.RequestMappingHandlerMapping - Mapped "{[/decrypt],methods=[POST]}" onto public java.lang.String org.springframework.cloud.config.server.encryption.EncryptionController.decrypt(java.lang.String,org.springframework.http.MediaType)
2022-04-05 15:45:54 [main] INFO  o.s.w.s.m.m.a.RequestMappingHandlerMapping - Mapped "{[/encrypt],methods=[POST]}" onto public java.lang.String org.springframework.cloud.config.server.encryption.EncryptionController.encrypt(java.lang.String,org.springframework.http.MediaType)
2022-04-05 15:45:54 [main] INFO  o.s.w.s.m.m.a.RequestMappingHandlerMapping - Mapped "{[/encrypt/{name}/{profiles}],methods=[POST]}" onto public java.lang.String org.springframework.cloud.config.server.encryption.EncryptionController.encrypt(java.lang.String,java.lang.String,java.lang.String,org.springframework.http.MediaType)
2022-04-05 15:45:54 [main] INFO  o.s.w.s.m.m.a.RequestMappingHandlerMapping - Mapped "{[/encrypt/status],methods=[GET]}" onto public java.util.Map<java.lang.String, java.lang.Object> org.springframework.cloud.config.server.encryption.EncryptionController.status()
2022-04-05 15:45:54 [main] INFO  o.s.w.s.m.m.a.RequestMappingHandlerMapping - Mapped "{[/key],methods=[GET]}" onto public java.lang.String org.springframework.cloud.config.server.encryption.EncryptionController.getPublicKey()
2022-04-05 15:45:54 [main] INFO  o.s.w.s.m.m.a.RequestMappingHandlerMapping - Mapped "{[/key/{name}/{profiles}],methods=[GET]}" onto public java.lang.String org.springframework.cloud.config.server.encryption.EncryptionController.getPublicKey(java.lang.String,java.lang.String)
2022-04-05 15:45:54 [main] INFO  o.s.w.s.m.m.a.RequestMappingHandlerMapping - Mapped "{[/{name}-{profiles}.properties],methods=[GET]}" onto public org.springframework.http.ResponseEntity<java.lang.String> org.springframework.cloud.config.server.environment.EnvironmentController.properties(java.lang.String,java.lang.String,boolean) throws java.io.IOException
2022-04-05 15:45:54 [main] INFO  o.s.w.s.m.m.a.RequestMappingHandlerMapping - Mapped "{[/{label}/{name}-{profiles}.yml || /{label}/{name}-{profiles}.yaml],methods=[GET]}" onto public org.springframework.http.ResponseEntity<java.lang.String> org.springframework.cloud.config.server.environment.EnvironmentController.labelledYaml(java.lang.String,java.lang.String,java.lang.String,boolean) throws java.lang.Exception
2022-04-05 15:45:54 [main] INFO  o.s.w.s.m.m.a.RequestMappingHandlerMapping - Mapped "{[/{name}-{profiles}.yml || /{name}-{profiles}.yaml],methods=[GET]}" onto public org.springframework.http.ResponseEntity<java.lang.String> org.springframework.cloud.config.server.environment.EnvironmentController.yaml(java.lang.String,java.lang.String,boolean) throws java.lang.Exception
2022-04-05 15:45:54 [main] INFO  o.s.w.s.m.m.a.RequestMappingHandlerMapping - Mapped "{[/{name}/{profiles}/{label:.*}],methods=[GET]}" onto public org.springframework.cloud.config.environment.Environment org.springframework.cloud.config.server.environment.EnvironmentController.labelled(java.lang.String,java.lang.String,java.lang.String)
2022-04-05 15:45:54 [main] INFO  o.s.w.s.m.m.a.RequestMappingHandlerMapping - Mapped "{[/{label}/{name}-{profiles}.properties],methods=[GET]}" onto public org.springframework.http.ResponseEntity<java.lang.String> org.springframework.cloud.config.server.environment.EnvironmentController.labelledProperties(java.lang.String,java.lang.String,java.lang.String,boolean) throws java.io.IOException
2022-04-05 15:45:54 [main] INFO  o.s.w.s.m.m.a.RequestMappingHandlerMapping - Mapped "{[/{label}/{name}-{profiles}.json],methods=[GET]}" onto public org.springframework.http.ResponseEntity<java.lang.String> org.springframework.cloud.config.server.environment.EnvironmentController.labelledJsonProperties(java.lang.String,java.lang.String,java.lang.String,boolean) throws java.lang.Exception
2022-04-05 15:45:54 [main] INFO  o.s.w.s.m.m.a.RequestMappingHandlerMapping - Mapped "{[/{name}/{profiles:.*[^-].*}],methods=[GET]}" onto public org.springframework.cloud.config.environment.Environment org.springframework.cloud.config.server.environment.EnvironmentController.defaultLabel(java.lang.String,java.lang.String)
2022-04-05 15:45:54 [main] INFO  o.s.w.s.m.m.a.RequestMappingHandlerMapping - Mapped "{[/{name}-{profiles}.json],methods=[GET]}" onto public org.springframework.http.ResponseEntity<java.lang.String> org.springframework.cloud.config.server.environment.EnvironmentController.jsonProperties(java.lang.String,java.lang.String,boolean) throws java.lang.Exception
2022-04-05 15:45:54 [main] INFO  o.s.w.s.m.m.a.RequestMappingHandlerMapping - Mapped "{[/{name}/{profile}/**],methods=[GET],params=[useDefaultLabel]}" onto public java.lang.String org.springframework.cloud.config.server.resource.ResourceController.retrieve(java.lang.String,java.lang.String,javax.servlet.http.HttpServletRequest,boolean) throws java.io.IOException
2022-04-05 15:45:54 [main] INFO  o.s.w.s.m.m.a.RequestMappingHandlerMapping - Mapped "{[/{name}/{profile}/{label}/**],methods=[GET]}" onto public java.lang.String org.springframework.cloud.config.server.resource.ResourceController.retrieve(java.lang.String,java.lang.String,java.lang.String,javax.servlet.http.HttpServletRequest,boolean) throws java.io.IOException
2022-04-05 15:45:54 [main] INFO  o.s.w.s.m.m.a.RequestMappingHandlerMapping - Mapped "{[/{name}/{profile}/{label}/**],methods=[GET],produces=[application/octet-stream]}" onto public synchronized byte[] org.springframework.cloud.config.server.resource.ResourceController.binary(java.lang.String,java.lang.String,java.lang.String,javax.servlet.http.HttpServletRequest) throws java.io.IOException
2022-04-05 15:45:54 [main] INFO  o.s.w.s.h.SimpleUrlHandlerMapping - Mapped URL path [/webjars/**] onto handler of type [class org.springframework.web.servlet.resource.ResourceHttpRequestHandler]
2022-04-05 15:45:54 [main] INFO  o.s.w.s.h.SimpleUrlHandlerMapping - Mapped URL path [/**] onto handler of type [class org.springframework.web.servlet.resource.ResourceHttpRequestHandler]
2022-04-05 15:45:55 [main] INFO  o.s.w.s.h.SimpleUrlHandlerMapping - Mapped URL path [/**/favicon.ico] onto handler of type [class org.springframework.web.servlet.resource.ResourceHttpRequestHandler]
2022-04-05 15:45:58 [main] INFO  o.s.b.a.e.w.s.WebMvcEndpointHandlerMapping - Mapped "{[/actuator/health],methods=[GET],produces=[application/vnd.spring-boot.actuator.v2+json || application/json]}" onto public java.lang.Object org.springframework.boot.actuate.endpoint.web.servlet.AbstractWebMvcEndpointHandlerMapping$OperationHandler.handle(javax.servlet.http.HttpServletRequest,java.util.Map<java.lang.String, java.lang.String>)
2022-04-05 15:45:58 [main] INFO  o.s.b.a.e.w.s.WebMvcEndpointHandlerMapping - Mapped "{[/actuator/info],methods=[GET],produces=[application/vnd.spring-boot.actuator.v2+json || application/json]}" onto public java.lang.Object org.springframework.boot.actuate.endpoint.web.servlet.AbstractWebMvcEndpointHandlerMapping$OperationHandler.handle(javax.servlet.http.HttpServletRequest,java.util.Map<java.lang.String, java.lang.String>)
2022-04-05 15:45:58 [main] INFO  o.s.b.a.e.w.s.WebMvcEndpointHandlerMapping - Mapped "{[/actuator],methods=[GET],produces=[application/vnd.spring-boot.actuator.v2+json || application/json]}" onto protected java.util.Map<java.lang.String, java.util.Map<java.lang.String, org.springframework.boot.actuate.endpoint.web.Link>> org.springframework.boot.actuate.endpoint.web.servlet.WebMvcEndpointHandlerMapping.links(javax.servlet.http.HttpServletRequest,javax.servlet.http.HttpServletResponse)
2022-04-05 15:45:58 [main] INFO  o.s.j.e.a.AnnotationMBeanExporter - Registering beans for JMX exposure on startup
2022-04-05 15:45:58 [main] INFO  o.s.j.e.a.AnnotationMBeanExporter - Bean with name 'environmentManager' has been autodetected for JMX exposure
2022-04-05 15:45:58 [main] INFO  o.s.j.e.a.AnnotationMBeanExporter - Bean with name 'refreshScope' has been autodetected for JMX exposure
2022-04-05 15:45:58 [main] INFO  o.s.j.e.a.AnnotationMBeanExporter - Bean with name 'configurationPropertiesRebinder' has been autodetected for JMX exposure
2022-04-05 15:45:58 [main] INFO  o.s.j.e.a.AnnotationMBeanExporter - Located managed bean 'environmentManager': registering with JMX server as MBean [org.springframework.cloud.context.environment:name=environmentManager,type=EnvironmentManager]
2022-04-05 15:45:58 [main] INFO  o.s.j.e.a.AnnotationMBeanExporter - Located managed bean 'refreshScope': registering with JMX server as MBean [org.springframework.cloud.context.scope.refresh:name=refreshScope,type=RefreshScope]
2022-04-05 15:45:58 [main] INFO  o.s.j.e.a.AnnotationMBeanExporter - Located managed bean 'configurationPropertiesRebinder': registering with JMX server as MBean [org.springframework.cloud.context.properties:name=configurationPropertiesRebinder,context=13c27452,type=ConfigurationPropertiesRebinder]
2022-04-05 15:45:59 [main] INFO  o.s.b.w.e.tomcat.TomcatWebServer - Tomcat started on port(s): 8888 (http) with context path ''
2022-04-05 15:45:59 [main] INFO  com.config.ConfigApplication - Started ConfigApplication in 25.216 seconds (JVM running for 27.183)
2022-04-05 15:46:03 [http-nio-8888-exec-1] INFO  o.a.c.c.C.[Tomcat].[localhost].[/] - Initializing Spring FrameworkServlet 'dispatcherServlet'
2022-04-05 15:46:03 [http-nio-8888-exec-1] INFO  o.s.web.servlet.DispatcherServlet - FrameworkServlet 'dispatcherServlet': initialization started
2022-04-05 15:46:03 [http-nio-8888-exec-1] INFO  o.s.web.servlet.DispatcherServlet - FrameworkServlet 'dispatcherServlet': initialization completed in 57 ms
2022-04-05 15:46:04 [http-nio-8888-exec-1] INFO  o.s.c.a.AnnotationConfigApplicationContext - Refreshing org.springframework.context.annotation.AnnotationConfigApplicationContext@146d0ed5: startup date [Tue Apr 05 15:46:04 UTC 2022]; root of context hierarchy
2022-04-05 15:46:04 [http-nio-8888-exec-1] INFO  o.s.c.a.AnnotationConfigApplicationContext - Closing org.springframework.context.annotation.AnnotationConfigApplicationContext@146d0ed5: startup date [Tue Apr 05 15:46:04 UTC 2022]; root of context hierarchy
2022-04-05 15:46:20 [http-nio-8888-exec-2] INFO  o.s.c.a.AnnotationConfigApplicationContext - Refreshing org.springframework.context.annotation.AnnotationConfigApplicationContext@6417c0e7: startup date [Tue Apr 05 15:46:20 UTC 2022]; root of context hierarchy
2022-04-05 15:46:20 [http-nio-8888-exec-2] INFO  o.s.c.a.AnnotationConfigApplicationContext - Closing org.springframework.context.annotation.AnnotationConfigApplicationContext@6417c0e7: startup date [Tue Apr 05 15:46:20 UTC 2022]; root of context hierarchy
2022-04-05 15:46:35 [http-nio-8888-exec-3] INFO  o.s.c.a.AnnotationConfigApplicationContext - Refreshing org.springframework.context.annotation.AnnotationConfigApplicationContext@73143861: startup date [Tue Apr 05 15:46:35 UTC 2022]; root of context hierarchy
2022-04-05 15:46:35 [http-nio-8888-exec-3] INFO  o.s.c.a.AnnotationConfigApplicationContext - Closing org.springframework.context.annotation.AnnotationConfigApplicationContext@73143861: startup date [Tue Apr 05 15:46:35 UTC 2022]; root of context hierarchy
2022-04-05 15:46:51 [http-nio-8888-exec-4] INFO  o.s.c.a.AnnotationConfigApplicationContext - Refreshing org.springframework.context.annotation.AnnotationConfigApplicationContext@29b4bdff: startup date [Tue Apr 05 15:46:51 UTC 2022]; root of context hierarchy
2022-04-05 15:46:51 [http-nio-8888-exec-4] INFO  o.s.c.a.AnnotationConfigApplicationContext - Closing org.springframework.context.annotation.AnnotationConfigApplicationContext@29b4bdff: startup date [Tue Apr 05 15:46:51 UTC 2022]; root of context hierarchy
2022-04-05 15:47:06 [http-nio-8888-exec-5] INFO  o.s.c.a.AnnotationConfigApplicationContext - Refreshing org.springframework.context.annotation.AnnotationConfigApplicationContext@74fd9b67: startup date [Tue Apr 05 15:47:06 UTC 2022]; root of context hierarchy
2022-04-05 15:47:06 [http-nio-8888-exec-5] INFO  o.s.c.a.AnnotationConfigApplicationContext - Closing org.springframework.context.annotation.AnnotationConfigApplicationContext@74fd9b67: startup date [Tue Apr 05 15:47:06 UTC 2022]; root of context hierarchy
2022-04-05 15:47:23 [http-nio-8888-exec-6] INFO  o.s.c.a.AnnotationConfigApplicationContext - Refreshing org.springframework.context.annotation.AnnotationConfigApplicationContext@6f18ddcc: startup date [Tue Apr 05 15:47:23 UTC 2022]; root of context hierarchy
2022-04-05 15:47:23 [http-nio-8888-exec-6] INFO  o.s.c.a.AnnotationConfigApplicationContext - Closing org.springframework.context.annotation.AnnotationConfigApplicationContext@6f18ddcc: startup date [Tue Apr 05 15:47:23 UTC 2022]; root of context hierarchy
2022-04-05 15:47:38 [http-nio-8888-exec-7] INFO  o.s.c.a.AnnotationConfigApplicationContext - Refreshing org.springframework.context.annotation.AnnotationConfigApplicationContext@3c0981a3: startup date [Tue Apr 05 15:47:38 UTC 2022]; root of context hierarchy
2022-04-05 15:47:38 [http-nio-8888-exec-7] INFO  o.s.c.a.AnnotationConfigApplicationContext - Closing org.springframework.context.annotation.AnnotationConfigApplicationContext@3c0981a3: startup date [Tue Apr 05 15:47:38 UTC 2022]; root of context hierarchy
2022-04-05 15:47:54 [http-nio-8888-exec-8] INFO  o.s.c.a.AnnotationConfigApplicationContext - Refreshing org.springframework.context.annotation.AnnotationConfigApplicationContext@1a0242e0: startup date [Tue Apr 05 15:47:54 UTC 2022]; root of context hierarchy
2022-04-05 15:47:54 [http-nio-8888-exec-8] INFO  o.s.c.a.AnnotationConfigApplicationContext - Closing org.springframework.context.annotation.AnnotationConfigApplicationContext@1a0242e0: startup date [Tue Apr 05 15:47:54 UTC 2022]; root of context hierarchy
2022-04-05 15:48:09 [http-nio-8888-exec-10] INFO  o.s.c.a.AnnotationConfigApplicationContext - Refreshing org.springframework.context.annotation.AnnotationConfigApplicationContext@5aa6dd0e: startup date [Tue Apr 05 15:48:09 UTC 2022]; root of context hierarchy
2022-04-05 15:48:09 [http-nio-8888-exec-10] INFO  o.s.c.a.AnnotationConfigApplicationContext - Closing org.springframework.context.annotation.AnnotationConfigApplicationContext@5aa6dd0e: startup date [Tue Apr 05 15:48:09 UTC 2022]; root of context hierarchy
2022-04-05 15:48:25 [http-nio-8888-exec-9] INFO  o.s.c.a.AnnotationConfigApplicationContext - Refreshing org.springframework.context.annotation.AnnotationConfigApplicationContext@2a4c8ce7: startup date [Tue Apr 05 15:48:25 UTC 2022]; root of context hierarchy
2022-04-05 15:48:25 [http-nio-8888-exec-9] INFO  o.s.c.a.AnnotationConfigApplicationContext - Closing org.springframework.context.annotation.AnnotationConfigApplicationContext@2a4c8ce7: startup date [Tue Apr 05 15:48:25 UTC 2022]; root of context hierarchy
2022-04-05 15:48:40 [http-nio-8888-exec-1] INFO  o.s.c.a.AnnotationConfigApplicationContext - Refreshing org.springframework.context.annotation.AnnotationConfigApplicationContext@72f267bd: startup date [Tue Apr 05 15:48:40 UTC 2022]; root of context hierarchy
2022-04-05 15:48:40 [http-nio-8888-exec-1] INFO  o.s.c.a.AnnotationConfigApplicationContext - Closing org.springframework.context.annotation.AnnotationConfigApplicationContext@72f267bd: startup date [Tue Apr 05 15:48:40 UTC 2022]; root of context hierarchy
2022-04-05 15:48:56 [http-nio-8888-exec-3] INFO  o.s.c.a.AnnotationConfigApplicationContext - Refreshing org.springframework.context.annotation.AnnotationConfigApplicationContext@6af152cb: startup date [Tue Apr 05 15:48:56 UTC 2022]; root of context hierarchy
2022-04-05 15:48:56 [http-nio-8888-exec-3] INFO  o.s.c.a.AnnotationConfigApplicationContext - Closing org.springframework.context.annotation.AnnotationConfigApplicationContext@6af152cb: startup date [Tue Apr 05 15:48:56 UTC 2022]; root of context hierarchy
2022-04-05 15:49:12 [http-nio-8888-exec-4] INFO  o.s.c.a.AnnotationConfigApplicationContext - Refreshing org.springframework.context.annotation.AnnotationConfigApplicationContext@4c235915: startup date [Tue Apr 05 15:49:12 UTC 2022]; root of context hierarchy
2022-04-05 15:49:12 [http-nio-8888-exec-4] INFO  o.s.c.a.AnnotationConfigApplicationContext - Closing org.springframework.context.annotation.AnnotationConfigApplicationContext@4c235915: startup date [Tue Apr 05 15:49:12 UTC 2022]; root of context hierarchy
2022-04-05 15:49:28 [http-nio-8888-exec-6] INFO  o.s.c.a.AnnotationConfigApplicationContext - Refreshing org.springframework.context.annotation.AnnotationConfigApplicationContext@3e1a6c74: startup date [Tue Apr 05 15:49:28 UTC 2022]; root of context hierarchy
2022-04-05 15:49:28 [http-nio-8888-exec-6] INFO  o.s.c.a.AnnotationConfigApplicationContext - Closing org.springframework.context.annotation.AnnotationConfigApplicationContext@3e1a6c74: startup date [Tue Apr 05 15:49:28 UTC 2022]; root of context hierarchy
2022-04-05 15:49:43 [http-nio-8888-exec-7] INFO  o.s.c.a.AnnotationConfigApplicationContext - Refreshing org.springframework.context.annotation.AnnotationConfigApplicationContext@175fb016: startup date [Tue Apr 05 15:49:43 UTC 2022]; root of context hierarchy
2022-04-05 15:49:43 [http-nio-8888-exec-7] INFO  o.s.c.a.AnnotationConfigApplicationContext - Closing org.springframework.context.annotation.AnnotationConfigApplicationContext@175fb016: startup date [Tue Apr 05 15:49:43 UTC 2022]; root of context hierarchy
2022-04-05 15:49:59 [http-nio-8888-exec-10] INFO  o.s.c.a.AnnotationConfigApplicationContext - Refreshing org.springframework.context.annotation.AnnotationConfigApplicationContext@3f171dd2: startup date [Tue Apr 05 15:49:59 UTC 2022]; root of context hierarchy
2022-04-05 15:49:59 [http-nio-8888-exec-10] INFO  o.s.c.a.AnnotationConfigApplicationContext - Closing org.springframework.context.annotation.AnnotationConfigApplicationContext@3f171dd2: startup date [Tue Apr 05 15:49:59 UTC 2022]; root of context hierarchy
2022-04-05 15:50:14 [http-nio-8888-exec-9] INFO  o.s.c.a.AnnotationConfigApplicationContext - Refreshing org.springframework.context.annotation.AnnotationConfigApplicationContext@7dc25453: startup date [Tue Apr 05 15:50:14 UTC 2022]; root of context hierarchy
2022-04-05 15:50:14 [http-nio-8888-exec-9] INFO  o.s.c.a.AnnotationConfigApplicationContext - Closing org.springframework.context.annotation.AnnotationConfigApplicationContext@7dc25453: startup date [Tue Apr 05 15:50:14 UTC 2022]; root of context hierarchy
2022-04-05 15:50:30 [http-nio-8888-exec-1] INFO  o.s.c.a.AnnotationConfigApplicationContext - Refreshing org.springframework.context.annotation.AnnotationConfigApplicationContext@28bae9bc: startup date [Tue Apr 05 15:50:30 UTC 2022]; root of context hierarchy
2022-04-05 15:50:30 [http-nio-8888-exec-1] INFO  o.s.c.a.AnnotationConfigApplicationContext - Closing org.springframework.context.annotation.AnnotationConfigApplicationContext@28bae9bc: startup date [Tue Apr 05 15:50:30 UTC 2022]; root of context hierarchy
2022-04-05 15:50:46 [http-nio-8888-exec-3] INFO  o.s.c.a.AnnotationConfigApplicationContext - Refreshing org.springframework.context.annotation.AnnotationConfigApplicationContext@3e2b2ce6: startup date [Tue Apr 05 15:50:46 UTC 2022]; root of context hierarchy
2022-04-05 15:50:46 [http-nio-8888-exec-3] INFO  o.s.c.a.AnnotationConfigApplicationContext - Closing org.springframework.context.annotation.AnnotationConfigApplicationContext@3e2b2ce6: startup date [Tue Apr 05 15:50:46 UTC 2022]; root of context hierarchy
2022-04-05 15:51:02 [http-nio-8888-exec-5] INFO  o.s.c.a.AnnotationConfigApplicationContext - Refreshing org.springframework.context.annotation.AnnotationConfigApplicationContext@101d82be: startup date [Tue Apr 05 15:51:02 UTC 2022]; root of context hierarchy
2022-04-05 15:51:02 [http-nio-8888-exec-5] INFO  o.s.c.a.AnnotationConfigApplicationContext - Closing org.springframework.context.annotation.AnnotationConfigApplicationContext@101d82be: startup date [Tue Apr 05 15:51:02 UTC 2022]; root of context hierarchy
2022-04-05 15:51:17 [http-nio-8888-exec-7] INFO  o.s.c.a.AnnotationConfigApplicationContext - Refreshing org.springframework.context.annotation.AnnotationConfigApplicationContext@61bbe173: startup date [Tue Apr 05 15:51:17 UTC 2022]; root of context hierarchy
2022-04-05 15:51:17 [http-nio-8888-exec-7] INFO  o.s.c.a.AnnotationConfigApplicationContext - Closing org.springframework.context.annotation.AnnotationConfigApplicationContext@61bbe173: startup date [Tue Apr 05 15:51:17 UTC 2022]; root of context hierarchy
2022-04-05 15:51:33 [http-nio-8888-exec-8] INFO  o.s.c.a.AnnotationConfigApplicationContext - Refreshing org.springframework.context.annotation.AnnotationConfigApplicationContext@45718099: startup date [Tue Apr 05 15:51:33 UTC 2022]; root of context hierarchy
2022-04-05 15:51:33 [http-nio-8888-exec-8] INFO  o.s.c.a.AnnotationConfigApplicationContext - Closing org.springframework.context.annotation.AnnotationConfigApplicationContext@45718099: startup date [Tue Apr 05 15:51:33 UTC 2022]; root of context hierarchy
2022-04-05 15:51:48 [http-nio-8888-exec-9] INFO  o.s.c.a.AnnotationConfigApplicationContext - Refreshing org.springframework.context.annotation.AnnotationConfigApplicationContext@7c2e1925: startup date [Tue Apr 05 15:51:48 UTC 2022]; root of context hierarchy
2022-04-05 15:51:48 [http-nio-8888-exec-9] INFO  o.s.c.a.AnnotationConfigApplicationContext - Closing org.springframework.context.annotation.AnnotationConfigApplicationContext@7c2e1925: startup date [Tue Apr 05 15:51:48 UTC 2022]; root of context hierarchy
2022-04-05 15:52:04 [http-nio-8888-exec-1] INFO  o.s.c.a.AnnotationConfigApplicationContext - Refreshing org.springframework.context.annotation.AnnotationConfigApplicationContext@1b4c6cdd: startup date [Tue Apr 05 15:52:04 UTC 2022]; root of context hierarchy
2022-04-05 15:52:04 [http-nio-8888-exec-1] INFO  o.s.c.a.AnnotationConfigApplicationContext - Closing org.springframework.context.annotation.AnnotationConfigApplicationContext@1b4c6cdd: startup date [Tue Apr 05 15:52:04 UTC 2022]; root of context hierarchy
2022-04-05 15:52:20 [http-nio-8888-exec-3] INFO  o.s.c.a.AnnotationConfigApplicationContext - Refreshing org.springframework.context.annotation.AnnotationConfigApplicationContext@45d465a1: startup date [Tue Apr 05 15:52:20 UTC 2022]; root of context hierarchy
2022-04-05 15:52:20 [http-nio-8888-exec-3] INFO  o.s.c.a.AnnotationConfigApplicationContext - Closing org.springframework.context.annotation.AnnotationConfigApplicationContext@45d465a1: startup date [Tue Apr 05 15:52:20 UTC 2022]; root of context hierarchy
2022-04-05 15:52:35 [http-nio-8888-exec-5] INFO  o.s.c.a.AnnotationConfigApplicationContext - Refreshing org.springframework.context.annotation.AnnotationConfigApplicationContext@7eb91dcc: startup date [Tue Apr 05 15:52:35 UTC 2022]; root of context hierarchy
2022-04-05 15:52:35 [http-nio-8888-exec-5] INFO  o.s.c.a.AnnotationConfigApplicationContext - Closing org.springframework.context.annotation.AnnotationConfigApplicationContext@7eb91dcc: startup date [Tue Apr 05 15:52:35 UTC 2022]; root of context hierarchy
2022-04-05 15:52:51 [http-nio-8888-exec-7] INFO  o.s.c.a.AnnotationConfigApplicationContext - Refreshing org.springframework.context.annotation.AnnotationConfigApplicationContext@2cb126d5: startup date [Tue Apr 05 15:52:51 UTC 2022]; root of context hierarchy
2022-04-05 15:52:51 [http-nio-8888-exec-7] INFO  o.s.c.a.AnnotationConfigApplicationContext - Closing org.springframework.context.annotation.AnnotationConfigApplicationContext@2cb126d5: startup date [Tue Apr 05 15:52:51 UTC 2022]; root of context hierarchy
2022-04-05 15:53:07 [http-nio-8888-exec-8] INFO  o.s.c.a.AnnotationConfigApplicationContext - Refreshing org.springframework.context.annotation.AnnotationConfigApplicationContext@531b78aa: startup date [Tue Apr 05 15:53:07 UTC 2022]; root of context hierarchy
2022-04-05 15:53:07 [http-nio-8888-exec-8] INFO  o.s.c.a.AnnotationConfigApplicationContext - Closing org.springframework.context.annotation.AnnotationConfigApplicationContext@531b78aa: startup date [Tue Apr 05 15:53:07 UTC 2022]; root of context hierarchy
2022-04-05 15:53:23 [http-nio-8888-exec-10] INFO  o.s.c.a.AnnotationConfigApplicationContext - Refreshing org.springframework.context.annotation.AnnotationConfigApplicationContext@24afae85: startup date [Tue Apr 05 15:53:23 UTC 2022]; root of context hierarchy
2022-04-05 15:53:23 [http-nio-8888-exec-10] INFO  o.s.c.a.AnnotationConfigApplicationContext - Closing org.springframework.context.annotation.AnnotationConfigApplicationContext@24afae85: startup date [Tue Apr 05 15:53:23 UTC 2022]; root of context hierarchy
2022-04-05 15:53:38 [http-nio-8888-exec-9] INFO  o.s.c.a.AnnotationConfigApplicationContext - Refreshing org.springframework.context.annotation.AnnotationConfigApplicationContext@585da7a6: startup date [Tue Apr 05 15:53:38 UTC 2022]; root of context hierarchy
2022-04-05 15:53:38 [http-nio-8888-exec-9] INFO  o.s.c.a.AnnotationConfigApplicationContext - Closing org.springframework.context.annotation.AnnotationConfigApplicationContext@585da7a6: startup date [Tue Apr 05 15:53:38 UTC 2022]; root of context hierarchy
2022-04-05 15:53:55 [http-nio-8888-exec-1] INFO  o.s.c.a.AnnotationConfigApplicationContext - Refreshing org.springframework.context.annotation.AnnotationConfigApplicationContext@2e5650b5: startup date [Tue Apr 05 15:53:55 UTC 2022]; root of context hierarchy
2022-04-05 15:53:55 [http-nio-8888-exec-1] INFO  o.s.c.a.AnnotationConfigApplicationContext - Closing org.springframework.context.annotation.AnnotationConfigApplicationContext@2e5650b5: startup date [Tue Apr 05 15:53:55 UTC 2022]; root of context hierarchy
2022-04-05 15:54:12 [http-nio-8888-exec-2] INFO  o.s.c.a.AnnotationConfigApplicationContext - Refreshing org.springframework.context.annotation.AnnotationConfigApplicationContext@57384ae8: startup date [Tue Apr 05 15:54:12 UTC 2022]; root of context hierarchy
2022-04-05 15:54:12 [http-nio-8888-exec-2] INFO  o.s.c.a.AnnotationConfigApplicationContext - Closing org.springframework.context.annotation.AnnotationConfigApplicationContext@57384ae8: startup date [Tue Apr 05 15:54:12 UTC 2022]; root of context hierarchy
2022-04-05 15:54:28 [http-nio-8888-exec-3] INFO  o.s.c.a.AnnotationConfigApplicationContext - Refreshing org.springframework.context.annotation.AnnotationConfigApplicationContext@5eb13049: startup date [Tue Apr 05 15:54:28 UTC 2022]; root of context hierarchy
2022-04-05 15:54:28 [http-nio-8888-exec-3] INFO  o.s.c.a.AnnotationConfigApplicationContext - Closing org.springframework.context.annotation.AnnotationConfigApplicationContext@5eb13049: startup date [Tue Apr 05 15:54:28 UTC 2022]; root of context hierarchy
2022-04-05 15:54:44 [http-nio-8888-exec-4] INFO  o.s.c.a.AnnotationConfigApplicationContext - Refreshing org.springframework.context.annotation.AnnotationConfigApplicationContext@5b3daa7b: startup date [Tue Apr 05 15:54:44 UTC 2022]; root of context hierarchy
2022-04-05 15:54:44 [http-nio-8888-exec-4] INFO  o.s.c.a.AnnotationConfigApplicationContext - Closing org.springframework.context.annotation.AnnotationConfigApplicationContext@5b3daa7b: startup date [Tue Apr 05 15:54:44 UTC 2022]; root of context hierarchy
2022-04-05 15:54:59 [http-nio-8888-exec-5] INFO  o.s.c.a.AnnotationConfigApplicationContext - Refreshing org.springframework.context.annotation.AnnotationConfigApplicationContext@e58cd42: startup date [Tue Apr 05 15:54:59 UTC 2022]; root of context hierarchy
2022-04-05 15:54:59 [http-nio-8888-exec-5] INFO  o.s.c.a.AnnotationConfigApplicationContext - Closing org.springframework.context.annotation.AnnotationConfigApplicationContext@e58cd42: startup date [Tue Apr 05 15:54:59 UTC 2022]; root of context hierarchy
2022-04-05 15:55:15 [http-nio-8888-exec-6] INFO  o.s.c.a.AnnotationConfigApplicationContext - Refreshing org.springframework.context.annotation.AnnotationConfigApplicationContext@44bfd4ae: startup date [Tue Apr 05 15:55:15 UTC 2022]; root of context hierarchy
2022-04-05 15:55:15 [http-nio-8888-exec-6] INFO  o.s.c.a.AnnotationConfigApplicationContext - Closing org.springframework.context.annotation.AnnotationConfigApplicationContext@44bfd4ae: startup date [Tue Apr 05 15:55:15 UTC 2022]; root of context hierarchy
2022-04-05 15:55:31 [http-nio-8888-exec-8] INFO  o.s.c.a.AnnotationConfigApplicationContext - Refreshing org.springframework.context.annotation.AnnotationConfigApplicationContext@5b123412: startup date [Tue Apr 05 15:55:31 UTC 2022]; root of context hierarchy
2022-04-05 15:55:31 [http-nio-8888-exec-8] INFO  o.s.c.a.AnnotationConfigApplicationContext - Closing org.springframework.context.annotation.AnnotationConfigApplicationContext@5b123412: startup date [Tue Apr 05 15:55:31 UTC 2022]; root of context hierarchy
2022-04-05 15:55:47 [http-nio-8888-exec-10] INFO  o.s.c.a.AnnotationConfigApplicationContext - Refreshing org.springframework.context.annotation.AnnotationConfigApplicationContext@c96325: startup date [Tue Apr 05 15:55:47 UTC 2022]; root of context hierarchy
2022-04-05 15:55:47 [http-nio-8888-exec-10] INFO  o.s.c.a.AnnotationConfigApplicationContext - Closing org.springframework.context.annotation.AnnotationConfigApplicationContext@c96325: startup date [Tue Apr 05 15:55:47 UTC 2022]; root of context hierarchy
2022-04-05 15:56:03 [http-nio-8888-exec-9] INFO  o.s.c.a.AnnotationConfigApplicationContext - Refreshing org.springframework.context.annotation.AnnotationConfigApplicationContext@65205790: startup date [Tue Apr 05 15:56:03 UTC 2022]; root of context hierarchy
2022-04-05 15:56:03 [http-nio-8888-exec-9] INFO  o.s.c.a.AnnotationConfigApplicationContext - Closing org.springframework.context.annotation.AnnotationConfigApplicationContext@65205790: startup date [Tue Apr 05 15:56:03 UTC 2022]; root of context hierarchy
2022-04-05 15:56:18 [http-nio-8888-exec-1] INFO  o.s.c.a.AnnotationConfigApplicationContext - Refreshing org.springframework.context.annotation.AnnotationConfigApplicationContext@7e28fb68: startup date [Tue Apr 05 15:56:18 UTC 2022]; root of context hierarchy
2022-04-05 15:56:18 [http-nio-8888-exec-1] INFO  o.s.c.a.AnnotationConfigApplicationContext - Closing org.springframework.context.annotation.AnnotationConfigApplicationContext@7e28fb68: startup date [Tue Apr 05 15:56:18 UTC 2022]; root of context hierarchy
2022-04-05 15:56:35 [http-nio-8888-exec-2] INFO  o.s.c.a.AnnotationConfigApplicationContext - Refreshing org.springframework.context.annotation.AnnotationConfigApplicationContext@24f17029: startup date [Tue Apr 05 15:56:35 UTC 2022]; root of context hierarchy
2022-04-05 15:56:35 [http-nio-8888-exec-2] INFO  o.s.c.a.AnnotationConfigApplicationContext - Closing org.springframework.context.annotation.AnnotationConfigApplicationContext@24f17029: startup date [Tue Apr 05 15:56:35 UTC 2022]; root of context hierarchy
2022-04-05 15:56:50 [http-nio-8888-exec-3] INFO  o.s.c.a.AnnotationConfigApplicationContext - Refreshing org.springframework.context.annotation.AnnotationConfigApplicationContext@3c943451: startup date [Tue Apr 05 15:56:50 UTC 2022]; root of context hierarchy
2022-04-05 15:56:50 [http-nio-8888-exec-3] INFO  o.s.c.a.AnnotationConfigApplicationContext - Closing org.springframework.context.annotation.AnnotationConfigApplicationContext@3c943451: startup date [Tue Apr 05 15:56:50 UTC 2022]; root of context hierarchy
2022-04-05 15:57:06 [http-nio-8888-exec-4] INFO  o.s.c.a.AnnotationConfigApplicationContext - Refreshing org.springframework.context.annotation.AnnotationConfigApplicationContext@2edc567a: startup date [Tue Apr 05 15:57:06 UTC 2022]; root of context hierarchy
2022-04-05 15:57:06 [http-nio-8888-exec-4] INFO  o.s.c.a.AnnotationConfigApplicationContext - Closing org.springframework.context.annotation.AnnotationConfigApplicationContext@2edc567a: startup date [Tue Apr 05 15:57:06 UTC 2022]; root of context hierarchy
2022-04-05 15:57:22 [http-nio-8888-exec-5] INFO  o.s.c.a.AnnotationConfigApplicationContext - Refreshing org.springframework.context.annotation.AnnotationConfigApplicationContext@5b8c94f3: startup date [Tue Apr 05 15:57:22 UTC 2022]; root of context hierarchy
2022-04-05 15:57:22 [http-nio-8888-exec-5] INFO  o.s.c.a.AnnotationConfigApplicationContext - Closing org.springframework.context.annotation.AnnotationConfigApplicationContext@5b8c94f3: startup date [Tue Apr 05 15:57:22 UTC 2022]; root of context hierarchy
2022-04-05 15:57:38 [http-nio-8888-exec-6] INFO  o.s.c.a.AnnotationConfigApplicationContext - Refreshing org.springframework.context.annotation.AnnotationConfigApplicationContext@5c12fdc8: startup date [Tue Apr 05 15:57:38 UTC 2022]; root of context hierarchy
2022-04-05 15:57:38 [http-nio-8888-exec-6] INFO  o.s.c.a.AnnotationConfigApplicationContext - Closing org.springframework.context.annotation.AnnotationConfigApplicationContext@5c12fdc8: startup date [Tue Apr 05 15:57:38 UTC 2022]; root of context hierarchy
2022-04-05 15:57:53 [http-nio-8888-exec-7] INFO  o.s.c.a.AnnotationConfigApplicationContext - Refreshing org.springframework.context.annotation.AnnotationConfigApplicationContext@41fa1160: startup date [Tue Apr 05 15:57:53 UTC 2022]; root of context hierarchy
2022-04-05 15:57:53 [http-nio-8888-exec-7] INFO  o.s.c.a.AnnotationConfigApplicationContext - Closing org.springframework.context.annotation.AnnotationConfigApplicationContext@41fa1160: startup date [Tue Apr 05 15:57:53 UTC 2022]; root of context hierarchy
2022-04-05 15:58:09 [http-nio-8888-exec-8] INFO  o.s.c.a.AnnotationConfigApplicationContext - Refreshing org.springframework.context.annotation.AnnotationConfigApplicationContext@3c81f91a: startup date [Tue Apr 05 15:58:09 UTC 2022]; root of context hierarchy
2022-04-05 15:58:09 [http-nio-8888-exec-8] INFO  o.s.c.a.AnnotationConfigApplicationContext - Closing org.springframework.context.annotation.AnnotationConfigApplicationContext@3c81f91a: startup date [Tue Apr 05 15:58:09 UTC 2022]; root of context hierarchy
2022-04-05 15:58:25 [http-nio-8888-exec-10] INFO  o.s.c.a.AnnotationConfigApplicationContext - Refreshing org.springframework.context.annotation.AnnotationConfigApplicationContext@241ab2f8: startup date [Tue Apr 05 15:58:25 UTC 2022]; root of context hierarchy
2022-04-05 15:58:25 [http-nio-8888-exec-10] INFO  o.s.c.a.AnnotationConfigApplicationContext - Closing org.springframework.context.annotation.AnnotationConfigApplicationContext@241ab2f8: startup date [Tue Apr 05 15:58:25 UTC 2022]; root of context hierarchy
2022-04-05 15:58:41 [http-nio-8888-exec-9] INFO  o.s.c.a.AnnotationConfigApplicationContext - Refreshing org.springframework.context.annotation.AnnotationConfigApplicationContext@7c957219: startup date [Tue Apr 05 15:58:41 UTC 2022]; root of context hierarchy
2022-04-05 15:58:41 [http-nio-8888-exec-9] INFO  o.s.c.a.AnnotationConfigApplicationContext - Closing org.springframework.context.annotation.AnnotationConfigApplicationContext@7c957219: startup date [Tue Apr 05 15:58:41 UTC 2022]; root of context hierarchy
2022-04-05 15:58:57 [http-nio-8888-exec-1] INFO  o.s.c.a.AnnotationConfigApplicationContext - Refreshing org.springframework.context.annotation.AnnotationConfigApplicationContext@26cfe32e: startup date [Tue Apr 05 15:58:57 UTC 2022]; root of context hierarchy
2022-04-05 15:58:57 [http-nio-8888-exec-1] INFO  o.s.c.a.AnnotationConfigApplicationContext - Closing org.springframework.context.annotation.AnnotationConfigApplicationContext@26cfe32e: startup date [Tue Apr 05 15:58:57 UTC 2022]; root of context hierarchy
2022-04-05 15:59:13 [http-nio-8888-exec-2] INFO  o.s.c.a.AnnotationConfigApplicationContext - Refreshing org.springframework.context.annotation.AnnotationConfigApplicationContext@77282c0f: startup date [Tue Apr 05 15:59:13 UTC 2022]; root of context hierarchy
2022-04-05 15:59:13 [http-nio-8888-exec-2] INFO  o.s.c.a.AnnotationConfigApplicationContext - Closing org.springframework.context.annotation.AnnotationConfigApplicationContext@77282c0f: startup date [Tue Apr 05 15:59:13 UTC 2022]; root of context hierarchy
2022-04-05 15:59:28 [http-nio-8888-exec-3] INFO  o.s.c.a.AnnotationConfigApplicationContext - Refreshing org.springframework.context.annotation.AnnotationConfigApplicationContext@788196c4: startup date [Tue Apr 05 15:59:28 UTC 2022]; root of context hierarchy
2022-04-05 15:59:28 [http-nio-8888-exec-3] INFO  o.s.c.a.AnnotationConfigApplicationContext - Closing org.springframework.context.annotation.AnnotationConfigApplicationContext@788196c4: startup date [Tue Apr 05 15:59:28 UTC 2022]; root of context hierarchy
2022-04-05 15:59:44 [http-nio-8888-exec-4] INFO  o.s.c.a.AnnotationConfigApplicationContext - Refreshing org.springframework.context.annotation.AnnotationConfigApplicationContext@2ae2ae39: startup date [Tue Apr 05 15:59:44 UTC 2022]; root of context hierarchy
2022-04-05 15:59:44 [http-nio-8888-exec-4] INFO  o.s.c.a.AnnotationConfigApplicationContext - Closing org.springframework.context.annotation.AnnotationConfigApplicationContext@2ae2ae39: startup date [Tue Apr 05 15:59:44 UTC 2022]; root of context hierarchy
2022-04-05 15:59:59 [http-nio-8888-exec-6] INFO  o.s.c.a.AnnotationConfigApplicationContext - Refreshing org.springframework.context.annotation.AnnotationConfigApplicationContext@7ab2f37a: startup date [Tue Apr 05 15:59:59 UTC 2022]; root of context hierarchy
2022-04-05 15:59:59 [http-nio-8888-exec-6] INFO  o.s.c.a.AnnotationConfigApplicationContext - Closing org.springframework.context.annotation.AnnotationConfigApplicationContext@7ab2f37a: startup date [Tue Apr 05 15:59:59 UTC 2022]; root of context hierarchy
2022-04-05 16:00:15 [http-nio-8888-exec-7] INFO  o.s.c.a.AnnotationConfigApplicationContext - Refreshing org.springframework.context.annotation.AnnotationConfigApplicationContext@4a040e93: startup date [Tue Apr 05 16:00:15 UTC 2022]; root of context hierarchy
2022-04-05 16:00:15 [http-nio-8888-exec-7] INFO  o.s.c.a.AnnotationConfigApplicationContext - Closing org.springframework.context.annotation.AnnotationConfigApplicationContext@4a040e93: startup date [Tue Apr 05 16:00:15 UTC 2022]; root of context hierarchy
2022-04-05 16:00:31 [http-nio-8888-exec-10] INFO  o.s.c.a.AnnotationConfigApplicationContext - Refreshing org.springframework.context.annotation.AnnotationConfigApplicationContext@433efa2: startup date [Tue Apr 05 16:00:31 UTC 2022]; root of context hierarchy
2022-04-05 16:00:31 [http-nio-8888-exec-10] INFO  o.s.c.a.AnnotationConfigApplicationContext - Closing org.springframework.context.annotation.AnnotationConfigApplicationContext@433efa2: startup date [Tue Apr 05 16:00:31 UTC 2022]; root of context hierarchy
2022-04-05 16:00:47 [http-nio-8888-exec-9] INFO  o.s.c.a.AnnotationConfigApplicationContext - Refreshing org.springframework.context.annotation.AnnotationConfigApplicationContext@83cbc63: startup date [Tue Apr 05 16:00:47 UTC 2022]; root of context hierarchy
2022-04-05 16:00:47 [http-nio-8888-exec-9] INFO  o.s.c.a.AnnotationConfigApplicationContext - Closing org.springframework.context.annotation.AnnotationConfigApplicationContext@83cbc63: startup date [Tue Apr 05 16:00:47 UTC 2022]; root of context hierarchy
2022-04-05 16:01:02 [http-nio-8888-exec-1] INFO  o.s.c.a.AnnotationConfigApplicationContext - Refreshing org.springframework.context.annotation.AnnotationConfigApplicationContext@34200a80: startup date [Tue Apr 05 16:01:02 UTC 2022]; root of context hierarchy
2022-04-05 16:01:02 [http-nio-8888-exec-1] INFO  o.s.c.a.AnnotationConfigApplicationContext - Closing org.springframework.context.annotation.AnnotationConfigApplicationContext@34200a80: startup date [Tue Apr 05 16:01:02 UTC 2022]; root of context hierarchy
2022-04-05 16:01:18 [http-nio-8888-exec-2] INFO  o.s.c.a.AnnotationConfigApplicationContext - Refreshing org.springframework.context.annotation.AnnotationConfigApplicationContext@413f4540: startup date [Tue Apr 05 16:01:18 UTC 2022]; root of context hierarchy
2022-04-05 16:01:18 [http-nio-8888-exec-2] INFO  o.s.c.a.AnnotationConfigApplicationContext - Closing org.springframework.context.annotation.AnnotationConfigApplicationContext@413f4540: startup date [Tue Apr 05 16:01:18 UTC 2022]; root of context hierarchy
2022-04-05 16:01:34 [http-nio-8888-exec-4] INFO  o.s.c.a.AnnotationConfigApplicationContext - Refreshing org.springframework.context.annotation.AnnotationConfigApplicationContext@6f5fd078: startup date [Tue Apr 05 16:01:34 UTC 2022]; root of context hierarchy
2022-04-05 16:01:34 [http-nio-8888-exec-4] INFO  o.s.c.a.AnnotationConfigApplicationContext - Closing org.springframework.context.annotation.AnnotationConfigApplicationContext@6f5fd078: startup date [Tue Apr 05 16:01:34 UTC 2022]; root of context hierarchy
2022-04-05 16:01:49 [http-nio-8888-exec-5] INFO  o.s.c.a.AnnotationConfigApplicationContext - Refreshing org.springframework.context.annotation.AnnotationConfigApplicationContext@38b518b3: startup date [Tue Apr 05 16:01:49 UTC 2022]; root of context hierarchy
2022-04-05 16:01:49 [http-nio-8888-exec-5] INFO  o.s.c.a.AnnotationConfigApplicationContext - Closing org.springframework.context.annotation.AnnotationConfigApplicationContext@38b518b3: startup date [Tue Apr 05 16:01:49 UTC 2022]; root of context hierarchy
2022-04-05 16:02:05 [http-nio-8888-exec-7] INFO  o.s.c.a.AnnotationConfigApplicationContext - Refreshing org.springframework.context.annotation.AnnotationConfigApplicationContext@24860af5: startup date [Tue Apr 05 16:02:05 UTC 2022]; root of context hierarchy
2022-04-05 16:02:05 [http-nio-8888-exec-7] INFO  o.s.c.a.AnnotationConfigApplicationContext - Closing org.springframework.context.annotation.AnnotationConfigApplicationContext@24860af5: startup date [Tue Apr 05 16:02:05 UTC 2022]; root of context hierarchy
2022-04-05 16:02:20 [http-nio-8888-exec-10] INFO  o.s.c.a.AnnotationConfigApplicationContext - Refreshing org.springframework.context.annotation.AnnotationConfigApplicationContext@3fc0e0a1: startup date [Tue Apr 05 16:02:20 UTC 2022]; root of context hierarchy
2022-04-05 16:02:20 [http-nio-8888-exec-10] INFO  o.s.c.a.AnnotationConfigApplicationContext - Closing org.springframework.context.annotation.AnnotationConfigApplicationContext@3fc0e0a1: startup date [Tue Apr 05 16:02:20 UTC 2022]; root of context hierarchy
2022-04-05 16:02:36 [http-nio-8888-exec-9] INFO  o.s.c.a.AnnotationConfigApplicationContext - Refreshing org.springframework.context.annotation.AnnotationConfigApplicationContext@3ec1ae88: startup date [Tue Apr 05 16:02:36 UTC 2022]; root of context hierarchy
2022-04-05 16:02:36 [http-nio-8888-exec-9] INFO  o.s.c.a.AnnotationConfigApplicationContext - Closing org.springframework.context.annotation.AnnotationConfigApplicationContext@3ec1ae88: startup date [Tue Apr 05 16:02:36 UTC 2022]; root of context hierarchy
2022-04-05 16:02:51 [http-nio-8888-exec-1] INFO  o.s.c.a.AnnotationConfigApplicationContext - Refreshing org.springframework.context.annotation.AnnotationConfigApplicationContext@7a7e3f44: startup date [Tue Apr 05 16:02:51 UTC 2022]; root of context hierarchy
2022-04-05 16:02:51 [http-nio-8888-exec-1] INFO  o.s.c.a.AnnotationConfigApplicationContext - Closing org.springframework.context.annotation.AnnotationConfigApplicationContext@7a7e3f44: startup date [Tue Apr 05 16:02:51 UTC 2022]; root of context hierarchy
2022-04-05 16:03:07 [http-nio-8888-exec-2] INFO  o.s.c.a.AnnotationConfigApplicationContext - Refreshing org.springframework.context.annotation.AnnotationConfigApplicationContext@321b89af: startup date [Tue Apr 05 16:03:07 UTC 2022]; root of context hierarchy
2022-04-05 16:03:07 [http-nio-8888-exec-2] INFO  o.s.c.a.AnnotationConfigApplicationContext - Closing org.springframework.context.annotation.AnnotationConfigApplicationContext@321b89af: startup date [Tue Apr 05 16:03:07 UTC 2022]; root of context hierarchy
2022-04-05 16:03:23 [http-nio-8888-exec-4] INFO  o.s.c.a.AnnotationConfigApplicationContext - Refreshing org.springframework.context.annotation.AnnotationConfigApplicationContext@6d786e3b: startup date [Tue Apr 05 16:03:23 UTC 2022]; root of context hierarchy
2022-04-05 16:03:23 [http-nio-8888-exec-4] INFO  o.s.c.a.AnnotationConfigApplicationContext - Closing org.springframework.context.annotation.AnnotationConfigApplicationContext@6d786e3b: startup date [Tue Apr 05 16:03:23 UTC 2022]; root of context hierarchy
2022-04-05 16:03:39 [http-nio-8888-exec-5] INFO  o.s.c.a.AnnotationConfigApplicationContext - Refreshing org.springframework.context.annotation.AnnotationConfigApplicationContext@501b8dbc: startup date [Tue Apr 05 16:03:39 UTC 2022]; root of context hierarchy
2022-04-05 16:03:39 [http-nio-8888-exec-5] INFO  o.s.c.a.AnnotationConfigApplicationContext - Closing org.springframework.context.annotation.AnnotationConfigApplicationContext@501b8dbc: startup date [Tue Apr 05 16:03:39 UTC 2022]; root of context hierarchy
2022-04-05 16:03:55 [http-nio-8888-exec-6] INFO  o.s.c.a.AnnotationConfigApplicationContext - Refreshing org.springframework.context.annotation.AnnotationConfigApplicationContext@6ed80d90: startup date [Tue Apr 05 16:03:55 UTC 2022]; root of context hierarchy
2022-04-05 16:03:55 [http-nio-8888-exec-6] INFO  o.s.c.a.AnnotationConfigApplicationContext - Closing org.springframework.context.annotation.AnnotationConfigApplicationContext@6ed80d90: startup date [Tue Apr 05 16:03:55 UTC 2022]; root of context hierarchy
2022-04-05 16:04:11 [http-nio-8888-exec-7] INFO  o.s.c.a.AnnotationConfigApplicationContext - Refreshing org.springframework.context.annotation.AnnotationConfigApplicationContext@1ff5eeac: startup date [Tue Apr 05 16:04:11 UTC 2022]; root of context hierarchy
2022-04-05 16:04:11 [http-nio-8888-exec-7] INFO  o.s.c.a.AnnotationConfigApplicationContext - Closing org.springframework.context.annotation.AnnotationConfigApplicationContext@1ff5eeac: startup date [Tue Apr 05 16:04:11 UTC 2022]; root of context hierarchy
2022-04-05 16:04:27 [http-nio-8888-exec-8] INFO  o.s.c.a.AnnotationConfigApplicationContext - Refreshing org.springframework.context.annotation.AnnotationConfigApplicationContext@518bade4: startup date [Tue Apr 05 16:04:27 UTC 2022]; root of context hierarchy
2022-04-05 16:04:27 [http-nio-8888-exec-8] INFO  o.s.c.a.AnnotationConfigApplicationContext - Closing org.springframework.context.annotation.AnnotationConfigApplicationContext@518bade4: startup date [Tue Apr 05 16:04:27 UTC 2022]; root of context hierarchy
2022-04-05 16:04:42 [http-nio-8888-exec-10] INFO  o.s.c.a.AnnotationConfigApplicationContext - Refreshing org.springframework.context.annotation.AnnotationConfigApplicationContext@3cc79650: startup date [Tue Apr 05 16:04:42 UTC 2022]; root of context hierarchy
2022-04-05 16:04:42 [http-nio-8888-exec-10] INFO  o.s.c.a.AnnotationConfigApplicationContext - Closing org.springframework.context.annotation.AnnotationConfigApplicationContext@3cc79650: startup date [Tue Apr 05 16:04:42 UTC 2022]; root of context hierarchy
2022-04-05 16:04:58 [http-nio-8888-exec-9] INFO  o.s.c.a.AnnotationConfigApplicationContext - Refreshing org.springframework.context.annotation.AnnotationConfigApplicationContext@616374d4: startup date [Tue Apr 05 16:04:58 UTC 2022]; root of context hierarchy
2022-04-05 16:04:58 [http-nio-8888-exec-9] INFO  o.s.c.a.AnnotationConfigApplicationContext - Closing org.springframework.context.annotation.AnnotationConfigApplicationContext@616374d4: startup date [Tue Apr 05 16:04:58 UTC 2022]; root of context hierarchy
2022-04-05 16:05:13 [http-nio-8888-exec-1] INFO  o.s.c.a.AnnotationConfigApplicationContext - Refreshing org.springframework.context.annotation.AnnotationConfigApplicationContext@31dc6c28: startup date [Tue Apr 05 16:05:13 UTC 2022]; root of context hierarchy
2022-04-05 16:05:13 [http-nio-8888-exec-1] INFO  o.s.c.a.AnnotationConfigApplicationContext - Closing org.springframework.context.annotation.AnnotationConfigApplicationContext@31dc6c28: startup date [Tue Apr 05 16:05:13 UTC 2022]; root of context hierarchy
2022-04-05 16:05:29 [http-nio-8888-exec-2] INFO  o.s.c.a.AnnotationConfigApplicationContext - Refreshing org.springframework.context.annotation.AnnotationConfigApplicationContext@1ed73866: startup date [Tue Apr 05 16:05:29 UTC 2022]; root of context hierarchy
2022-04-05 16:05:29 [http-nio-8888-exec-2] INFO  o.s.c.a.AnnotationConfigApplicationContext - Closing org.springframework.context.annotation.AnnotationConfigApplicationContext@1ed73866: startup date [Tue Apr 05 16:05:29 UTC 2022]; root of context hierarchy
2022-04-05 16:05:45 [http-nio-8888-exec-4] INFO  o.s.c.a.AnnotationConfigApplicationContext - Refreshing org.springframework.context.annotation.AnnotationConfigApplicationContext@4c89d436: startup date [Tue Apr 05 16:05:45 UTC 2022]; root of context hierarchy
2022-04-05 16:05:45 [http-nio-8888-exec-4] INFO  o.s.c.a.AnnotationConfigApplicationContext - Closing org.springframework.context.annotation.AnnotationConfigApplicationContext@4c89d436: startup date [Tue Apr 05 16:05:45 UTC 2022]; root of context hierarchy
2022-04-05 16:06:01 [http-nio-8888-exec-5] INFO  o.s.c.a.AnnotationConfigApplicationContext - Refreshing org.springframework.context.annotation.AnnotationConfigApplicationContext@7217135b: startup date [Tue Apr 05 16:06:01 UTC 2022]; root of context hierarchy
2022-04-05 16:06:01 [http-nio-8888-exec-5] INFO  o.s.c.a.AnnotationConfigApplicationContext - Closing org.springframework.context.annotation.AnnotationConfigApplicationContext@7217135b: startup date [Tue Apr 05 16:06:01 UTC 2022]; root of context hierarchy
2022-04-05 16:06:16 [http-nio-8888-exec-6] INFO  o.s.c.a.AnnotationConfigApplicationContext - Refreshing org.springframework.context.annotation.AnnotationConfigApplicationContext@38c7719b: startup date [Tue Apr 05 16:06:16 UTC 2022]; root of context hierarchy
2022-04-05 16:06:16 [http-nio-8888-exec-6] INFO  o.s.c.a.AnnotationConfigApplicationContext - Closing org.springframework.context.annotation.AnnotationConfigApplicationContext@38c7719b: startup date [Tue Apr 05 16:06:16 UTC 2022]; root of context hierarchy
2022-04-05 16:06:31 [http-nio-8888-exec-8] INFO  o.s.c.a.AnnotationConfigApplicationContext - Refreshing org.springframework.context.annotation.AnnotationConfigApplicationContext@666d132d: startup date [Tue Apr 05 16:06:31 UTC 2022]; root of context hierarchy
2022-04-05 16:06:31 [http-nio-8888-exec-8] INFO  o.s.c.a.AnnotationConfigApplicationContext - Closing org.springframework.context.annotation.AnnotationConfigApplicationContext@666d132d: startup date [Tue Apr 05 16:06:31 UTC 2022]; root of context hierarchy
2022-04-05 16:06:47 [http-nio-8888-exec-10] INFO  o.s.c.a.AnnotationConfigApplicationContext - Refreshing org.springframework.context.annotation.AnnotationConfigApplicationContext@6644097b: startup date [Tue Apr 05 16:06:47 UTC 2022]; root of context hierarchy
2022-04-05 16:06:47 [http-nio-8888-exec-10] INFO  o.s.c.a.AnnotationConfigApplicationContext - Closing org.springframework.context.annotation.AnnotationConfigApplicationContext@6644097b: startup date [Tue Apr 05 16:06:47 UTC 2022]; root of context hierarchy
2022-04-05 16:07:03 [http-nio-8888-exec-9] INFO  o.s.c.a.AnnotationConfigApplicationContext - Refreshing org.springframework.context.annotation.AnnotationConfigApplicationContext@1ac1f875: startup date [Tue Apr 05 16:07:03 UTC 2022]; root of context hierarchy
2022-04-05 16:07:03 [http-nio-8888-exec-9] INFO  o.s.c.a.AnnotationConfigApplicationContext - Closing org.springframework.context.annotation.AnnotationConfigApplicationContext@1ac1f875: startup date [Tue Apr 05 16:07:03 UTC 2022]; root of context hierarchy
2022-04-05 16:07:19 [http-nio-8888-exec-1] INFO  o.s.c.a.AnnotationConfigApplicationContext - Refreshing org.springframework.context.annotation.AnnotationConfigApplicationContext@28d65d37: startup date [Tue Apr 05 16:07:19 UTC 2022]; root of context hierarchy
2022-04-05 16:07:19 [http-nio-8888-exec-1] INFO  o.s.c.a.AnnotationConfigApplicationContext - Closing org.springframework.context.annotation.AnnotationConfigApplicationContext@28d65d37: startup date [Tue Apr 05 16:07:19 UTC 2022]; root of context hierarchy
2022-04-05 16:07:34 [http-nio-8888-exec-2] INFO  o.s.c.a.AnnotationConfigApplicationContext - Refreshing org.springframework.context.annotation.AnnotationConfigApplicationContext@1d6aa0ad: startup date [Tue Apr 05 16:07:34 UTC 2022]; root of context hierarchy
2022-04-05 16:07:35 [http-nio-8888-exec-2] INFO  o.s.c.a.AnnotationConfigApplicationContext - Closing org.springframework.context.annotation.AnnotationConfigApplicationContext@1d6aa0ad: startup date [Tue Apr 05 16:07:34 UTC 2022]; root of context hierarchy
2022-04-05 16:07:50 [http-nio-8888-exec-3] INFO  o.s.c.a.AnnotationConfigApplicationContext - Refreshing org.springframework.context.annotation.AnnotationConfigApplicationContext@2d1caa92: startup date [Tue Apr 05 16:07:50 UTC 2022]; root of context hierarchy
2022-04-05 16:07:50 [http-nio-8888-exec-3] INFO  o.s.c.a.AnnotationConfigApplicationContext - Closing org.springframework.context.annotation.AnnotationConfigApplicationContext@2d1caa92: startup date [Tue Apr 05 16:07:50 UTC 2022]; root of context hierarchy
2022-04-05 16:08:05 [http-nio-8888-exec-5] INFO  o.s.c.a.AnnotationConfigApplicationContext - Refreshing org.springframework.context.annotation.AnnotationConfigApplicationContext@d830f29: startup date [Tue Apr 05 16:08:05 UTC 2022]; root of context hierarchy
2022-04-05 16:08:05 [http-nio-8888-exec-5] INFO  o.s.c.a.AnnotationConfigApplicationContext - Closing org.springframework.context.annotation.AnnotationConfigApplicationContext@d830f29: startup date [Tue Apr 05 16:08:05 UTC 2022]; root of context hierarchy
2022-04-05 16:08:21 [http-nio-8888-exec-7] INFO  o.s.c.a.AnnotationConfigApplicationContext - Refreshing org.springframework.context.annotation.AnnotationConfigApplicationContext@520465: startup date [Tue Apr 05 16:08:21 UTC 2022]; root of context hierarchy
2022-04-05 16:08:21 [http-nio-8888-exec-7] INFO  o.s.c.a.AnnotationConfigApplicationContext - Closing org.springframework.context.annotation.AnnotationConfigApplicationContext@520465: startup date [Tue Apr 05 16:08:21 UTC 2022]; root of context hierarchy
2022-04-05 16:08:37 [http-nio-8888-exec-8] INFO  o.s.c.a.AnnotationConfigApplicationContext - Refreshing org.springframework.context.annotation.AnnotationConfigApplicationContext@13ed13d0: startup date [Tue Apr 05 16:08:37 UTC 2022]; root of context hierarchy
2022-04-05 16:08:37 [http-nio-8888-exec-8] INFO  o.s.c.a.AnnotationConfigApplicationContext - Closing org.springframework.context.annotation.AnnotationConfigApplicationContext@13ed13d0: startup date [Tue Apr 05 16:08:37 UTC 2022]; root of context hierarchy
2022-04-05 16:08:52 [http-nio-8888-exec-9] INFO  o.s.c.a.AnnotationConfigApplicationContext - Refreshing org.springframework.context.annotation.AnnotationConfigApplicationContext@589d158e: startup date [Tue Apr 05 16:08:52 UTC 2022]; root of context hierarchy
2022-04-05 16:08:52 [http-nio-8888-exec-9] INFO  o.s.c.a.AnnotationConfigApplicationContext - Closing org.springframework.context.annotation.AnnotationConfigApplicationContext@589d158e: startup date [Tue Apr 05 16:08:52 UTC 2022]; root of context hierarchy
2022-04-05 16:09:09 [http-nio-8888-exec-2] INFO  o.s.c.a.AnnotationConfigApplicationContext - Refreshing org.springframework.context.annotation.AnnotationConfigApplicationContext@4630c69f: startup date [Tue Apr 05 16:09:09 UTC 2022]; root of context hierarchy
2022-04-05 16:09:09 [http-nio-8888-exec-2] INFO  o.s.c.a.AnnotationConfigApplicationContext - Closing org.springframework.context.annotation.AnnotationConfigApplicationContext@4630c69f: startup date [Tue Apr 05 16:09:09 UTC 2022]; root of context hierarchy
2022-04-05 16:09:24 [http-nio-8888-exec-3] INFO  o.s.c.a.AnnotationConfigApplicationContext - Refreshing org.springframework.context.annotation.AnnotationConfigApplicationContext@4b61a831: startup date [Tue Apr 05 16:09:24 UTC 2022]; root of context hierarchy
2022-04-05 16:09:24 [http-nio-8888-exec-3] INFO  o.s.c.a.AnnotationConfigApplicationContext - Closing org.springframework.context.annotation.AnnotationConfigApplicationContext@4b61a831: startup date [Tue Apr 05 16:09:24 UTC 2022]; root of context hierarchy
2022-04-05 16:09:40 [http-nio-8888-exec-4] INFO  o.s.c.a.AnnotationConfigApplicationContext - Refreshing org.springframework.context.annotation.AnnotationConfigApplicationContext@488107ce: startup date [Tue Apr 05 16:09:40 UTC 2022]; root of context hierarchy
2022-04-05 16:09:40 [http-nio-8888-exec-4] INFO  o.s.c.a.AnnotationConfigApplicationContext - Closing org.springframework.context.annotation.AnnotationConfigApplicationContext@488107ce: startup date [Tue Apr 05 16:09:40 UTC 2022]; root of context hierarchy
2022-04-05 16:09:55 [http-nio-8888-exec-6] INFO  o.s.c.a.AnnotationConfigApplicationContext - Refreshing org.springframework.context.annotation.AnnotationConfigApplicationContext@5316ae3d: startup date [Tue Apr 05 16:09:55 UTC 2022]; root of context hierarchy
2022-04-05 16:09:56 [http-nio-8888-exec-6] INFO  o.s.c.a.AnnotationConfigApplicationContext - Closing org.springframework.context.annotation.AnnotationConfigApplicationContext@5316ae3d: startup date [Tue Apr 05 16:09:55 UTC 2022]; root of context hierarchy
2022-04-05 16:10:11 [http-nio-8888-exec-7] INFO  o.s.c.a.AnnotationConfigApplicationContext - Refreshing org.springframework.context.annotation.AnnotationConfigApplicationContext@309942a0: startup date [Tue Apr 05 16:10:11 UTC 2022]; root of context hierarchy
2022-04-05 16:10:11 [http-nio-8888-exec-7] INFO  o.s.c.a.AnnotationConfigApplicationContext - Closing org.springframework.context.annotation.AnnotationConfigApplicationContext@309942a0: startup date [Tue Apr 05 16:10:11 UTC 2022]; root of context hierarchy
2022-04-05 16:10:27 [http-nio-8888-exec-8] INFO  o.s.c.a.AnnotationConfigApplicationContext - Refreshing org.springframework.context.annotation.AnnotationConfigApplicationContext@18ed36fe: startup date [Tue Apr 05 16:10:27 UTC 2022]; root of context hierarchy
2022-04-05 16:10:27 [http-nio-8888-exec-8] INFO  o.s.c.a.AnnotationConfigApplicationContext - Closing org.springframework.context.annotation.AnnotationConfigApplicationContext@18ed36fe: startup date [Tue Apr 05 16:10:27 UTC 2022]; root of context hierarchy
2022-04-05 16:10:42 [http-nio-8888-exec-10] INFO  o.s.c.a.AnnotationConfigApplicationContext - Refreshing org.springframework.context.annotation.AnnotationConfigApplicationContext@3a750024: startup date [Tue Apr 05 16:10:42 UTC 2022]; root of context hierarchy
2022-04-05 16:10:42 [http-nio-8888-exec-10] INFO  o.s.c.a.AnnotationConfigApplicationContext - Closing org.springframework.context.annotation.AnnotationConfigApplicationContext@3a750024: startup date [Tue Apr 05 16:10:42 UTC 2022]; root of context hierarchy
2022-04-05 16:10:59 [http-nio-8888-exec-9] INFO  o.s.c.a.AnnotationConfigApplicationContext - Refreshing org.springframework.context.annotation.AnnotationConfigApplicationContext@6fede34c: startup date [Tue Apr 05 16:10:59 UTC 2022]; root of context hierarchy
2022-04-05 16:10:59 [http-nio-8888-exec-9] INFO  o.s.c.a.AnnotationConfigApplicationContext - Closing org.springframework.context.annotation.AnnotationConfigApplicationContext@6fede34c: startup date [Tue Apr 05 16:10:59 UTC 2022]; root of context hierarchy
2022-04-05 16:11:14 [http-nio-8888-exec-1] INFO  o.s.c.a.AnnotationConfigApplicationContext - Refreshing org.springframework.context.annotation.AnnotationConfigApplicationContext@36f11a10: startup date [Tue Apr 05 16:11:14 UTC 2022]; root of context hierarchy
2022-04-05 16:11:14 [http-nio-8888-exec-1] INFO  o.s.c.a.AnnotationConfigApplicationContext - Closing org.springframework.context.annotation.AnnotationConfigApplicationContext@36f11a10: startup date [Tue Apr 05 16:11:14 UTC 2022]; root of context hierarchy
2022-04-05 16:11:31 [http-nio-8888-exec-2] INFO  o.s.c.a.AnnotationConfigApplicationContext - Refreshing org.springframework.context.annotation.AnnotationConfigApplicationContext@75fc55bd: startup date [Tue Apr 05 16:11:31 UTC 2022]; root of context hierarchy
2022-04-05 16:11:31 [http-nio-8888-exec-2] INFO  o.s.c.a.AnnotationConfigApplicationContext - Closing org.springframework.context.annotation.AnnotationConfigApplicationContext@75fc55bd: startup date [Tue Apr 05 16:11:31 UTC 2022]; root of context hierarchy
2022-04-05 16:11:47 [http-nio-8888-exec-3] INFO  o.s.c.a.AnnotationConfigApplicationContext - Refreshing org.springframework.context.annotation.AnnotationConfigApplicationContext@4def922c: startup date [Tue Apr 05 16:11:47 UTC 2022]; root of context hierarchy
2022-04-05 16:11:47 [http-nio-8888-exec-3] INFO  o.s.c.a.AnnotationConfigApplicationContext - Closing org.springframework.context.annotation.AnnotationConfigApplicationContext@4def922c: startup date [Tue Apr 05 16:11:47 UTC 2022]; root of context hierarchy
2022-04-05 16:12:02 [http-nio-8888-exec-4] INFO  o.s.c.a.AnnotationConfigApplicationContext - Refreshing org.springframework.context.annotation.AnnotationConfigApplicationContext@2fe4b57d: startup date [Tue Apr 05 16:12:02 UTC 2022]; root of context hierarchy
2022-04-05 16:12:02 [http-nio-8888-exec-4] INFO  o.s.c.a.AnnotationConfigApplicationContext - Closing org.springframework.context.annotation.AnnotationConfigApplicationContext@2fe4b57d: startup date [Tue Apr 05 16:12:02 UTC 2022]; root of context hierarchy
2022-04-05 16:12:18 [http-nio-8888-exec-6] INFO  o.s.c.a.AnnotationConfigApplicationContext - Refreshing org.springframework.context.annotation.AnnotationConfigApplicationContext@1d9de7b6: startup date [Tue Apr 05 16:12:18 UTC 2022]; root of context hierarchy
2022-04-05 16:12:18 [http-nio-8888-exec-6] INFO  o.s.c.a.AnnotationConfigApplicationContext - Closing org.springframework.context.annotation.AnnotationConfigApplicationContext@1d9de7b6: startup date [Tue Apr 05 16:12:18 UTC 2022]; root of context hierarchy
2022-04-05 16:12:33 [http-nio-8888-exec-7] INFO  o.s.c.a.AnnotationConfigApplicationContext - Refreshing org.springframework.context.annotation.AnnotationConfigApplicationContext@6367d54d: startup date [Tue Apr 05 16:12:33 UTC 2022]; root of context hierarchy
